d:\documentos\visual\ugine\vc15\x64\debug\vc141.pdb
d:\documentos\visual\ugine\vc15\x64\debug\vc141.idb
d:\documentos\visual\ugine\vc15\x64\debug\glew.obj
d:\documentos\visual\ugine\vc15\x64\debug\buffer.obj
d:\documentos\visual\ugine\vc15\x64\debug\camera.obj
d:\documentos\visual\ugine\vc15\x64\debug\common.obj
d:\documentos\visual\ugine\vc15\x64\debug\shader.obj
d:\documentos\visual\ugine\vc15\x64\debug\state.obj
d:\documentos\visual\ugine\vc15\x64\debug\world.obj
d:\documentos\visual\ugine\vc15\x64\debug\material.obj
d:\documentos\visual\ugine\vc15\x64\debug\texture.obj
d:\documentos\visual\ugine\vc15\x64\debug\main.obj
d:\documentos\visual\ugine\vc15\x64\debug\mesh.obj
d:\documentos\visual\ugine\vc15\x64\debug\pugixml.obj
d:\documentos\visual\ugine\vc15\x64\debug\light.obj
d:\documentos\visual\ugine\vc15\x64\debug\billboard.obj
d:\documentos\visual\ugine\vc15\x64\debug\particle.obj
d:\documentos\visual\ugine\vc15\x64\debug\emitter.obj
d:\documentos\visual\ugine\vc15\x64\debug\ugine.exe
d:\documentos\visual\ugine\vc15\x64\debug\ugine.ilk
d:\documentos\visual\ugine\vc15\x64\debug\ugine.pdb
d:\documentos\visual\ugine\vc15\x64\debug\ugine.tlog\cl.command.1.tlog
d:\documentos\visual\ugine\vc15\x64\debug\ugine.tlog\cl.read.1.tlog
d:\documentos\visual\ugine\vc15\x64\debug\ugine.tlog\cl.write.1.tlog
d:\documentos\visual\ugine\vc15\x64\debug\ugine.tlog\link.command.1.tlog
d:\documentos\visual\ugine\vc15\x64\debug\ugine.tlog\link.read.1.tlog
d:\documentos\visual\ugine\vc15\x64\debug\ugine.tlog\link.write.1.tlog
